<?xml version="1.0" encoding="UTF-8"?>
<testng-results ignored="0" total="1" passed="1" failed="0" skipped="0">
  <reporter-output>
  </reporter-output>
  <suite started-at="2023-08-01T17:17:19 IST" name="Default suite" finished-at="2023-08-01T17:17:42 IST" duration-ms="23714">
    <groups>
    </groups>
    <test started-at="2023-08-01T17:17:19 IST" name="Default test" finished-at="2023-08-01T17:17:42 IST" duration-ms="23714">
      <class name="Report.LondonWeatherReport">
        <test-method signature="getLondonWheatherInformation()[pri:0, instance:Report.LondonWeatherReport@1da2cb77]" started-at="2023-08-01T17:17:19 IST" name="getLondonWheatherInformation" finished-at="2023-08-01T17:17:42 IST" duration-ms="23558" status="PASS">
          <reporter-output>
          </reporter-output>
        </test-method> <!-- getLondonWheatherInformation -->
      </class> <!-- Report.LondonWeatherReport -->
    </test> <!-- Default test -->
  </suite> <!-- Default suite -->
</testng-results>
